{"/home/glup/src/trebol-projects/PIT/services_back/src/infrastructure/persistence/prisma/index.ts": {"path":"/home/glup/src/trebol-projects/PIT/services_back/src/infrastructure/persistence/prisma/index.ts","statementMap":{"0":{"start":{"line":1,"column":0},"end":{"line":1,"column":7}},"1":{"start":{"line":2,"column":9},"end":{"line":1,"column":30}}},"fnMap":{},"branchMap":{},"s":{"0":1,"1":1},"f":{},"b":{}}
,"/home/glup/src/trebol-projects/PIT/services_back/src/infrastructure/repositories/index.ts": {"path":"/home/glup/src/trebol-projects/PIT/services_back/src/infrastructure/repositories/index.ts","statementMap":{"0":{"start":{"line":1,"column":0},"end":{"line":1,"column":9}},"1":{"start":{"line":1,"column":9},"end":{"line":1,"column":63}},"2":{"start":{"line":2,"column":0},"end":{"line":2,"column":9}},"3":{"start":{"line":2,"column":9},"end":{"line":2,"column":57}}},"fnMap":{"0":{"name":"(anonymous_0)","decl":{"start":{"line":1,"column":9},"end":{"line":1,"column":29}},"loc":{"start":{"line":1,"column":9},"end":{"line":1,"column":63}}},"1":{"name":"(anonymous_1)","decl":{"start":{"line":2,"column":9},"end":{"line":2,"column":26}},"loc":{"start":{"line":2,"column":9},"end":{"line":2,"column":57}}}},"branchMap":{},"s":{"0":1,"1":2,"2":1,"3":1},"f":{"0":1,"1":0},"b":{}}
,"/home/glup/src/trebol-projects/PIT/services_back/src/infrastructure/repositories/management.repository.ts": {"path":"/home/glup/src/trebol-projects/PIT/services_back/src/infrastructure/repositories/management.repository.ts","statementMap":{"0":{"start":{"line":1,"column":0},"end":{"line":1,"column":40}},"1":{"start":{"line":2,"column":0},"end":{"line":2,"column":47}},"2":{"start":{"line":6,"column":9},"end":{"line":24,"column":4}},"3":{"start":{"line":8,"column":39},"end":{"line":24,"column":4}},"4":{"start":{"line":9,"column":65},"end":{"line":9,"column":75}},"5":{"start":{"line":10,"column":4},"end":{"line":23,"column":5}},"6":{"start":{"line":11,"column":33},"end":{"line":13,"column":8}},"7":{"start":{"line":14,"column":6},"end":{"line":14,"column":32}},"8":{"start":{"line":16,"column":6},"end":{"line":16,"column":50}},"9":{"start":{"line":17,"column":6},"end":{"line":21,"column":7}},"10":{"start":{"line":18,"column":8},"end":{"line":20,"column":9}},"11":{"start":{"line":19,"column":10},"end":{"line":19,"column":57}},"12":{"start":{"line":22,"column":6},"end":{"line":22,"column":18}},"13":{"start":{"line":26,"column":9},"end":{"line":46,"column":4}},"14":{"start":{"line":29,"column":39},"end":{"line":46,"column":4}},"15":{"start":{"line":30,"column":54},"end":{"line":30,"column":64}},"16":{"start":{"line":31,"column":4},"end":{"line":45,"column":5}},"17":{"start":{"line":32,"column":32},"end":{"line":35,"column":8}},"18":{"start":{"line":36,"column":6},"end":{"line":36,"column":31}},"19":{"start":{"line":38,"column":6},"end":{"line":38,"column":50}},"20":{"start":{"line":39,"column":6},"end":{"line":43,"column":7}},"21":{"start":{"line":40,"column":8},"end":{"line":42,"column":9}},"22":{"start":{"line":41,"column":10},"end":{"line":41,"column":57}},"23":{"start":{"line":44,"column":6},"end":{"line":44,"column":18}},"24":{"start":{"line":48,"column":9},"end":{"line":56,"column":4}},"25":{"start":{"line":52,"column":30},"end":{"line":56,"column":4}},"26":{"start":{"line":53,"column":4},"end":{"line":55,"column":7}},"27":{"start":{"line":58,"column":9},"end":{"line":69,"column":4}},"28":{"start":{"line":64,"column":35},"end":{"line":69,"column":4}},"29":{"start":{"line":65,"column":4},"end":{"line":68,"column":7}},"30":{"start":{"line":71,"column":9},"end":{"line":84,"column":4}},"31":{"start":{"line":71,"column":67},"end":{"line":84,"column":4}},"32":{"start":{"line":72,"column":4},"end":{"line":83,"column":5}},"33":{"start":{"line":73,"column":6},"end":{"line":73,"column":63}},"34":{"start":{"line":75,"column":6},"end":{"line":75,"column":50}},"35":{"start":{"line":76,"column":6},"end":{"line":81,"column":7}},"36":{"start":{"line":80,"column":8},"end":{"line":80,"column":46}},"37":{"start":{"line":82,"column":6},"end":{"line":82,"column":18}},"38":{"start":{"line":5,"column":0},"end":{"line":5,"column":13}}},"fnMap":{"0":{"name":"(anonymous_7)","decl":{"start":{"line":5,"column":0},"end":{"line":5,"column":13}},"loc":{"start":{"line":5,"column":0},"end":{"line":85,"column":1}}},"1":{"name":"(anonymous_8)","decl":{"start":{"line":6,"column":18},"end":{"line":6,"column":null}},"loc":{"start":{"line":8,"column":39},"end":{"line":24,"column":4}}},"2":{"name":"(anonymous_9)","decl":{"start":{"line":8,"column":39},"end":{"line":8,"column":null}},"loc":{"start":{"line":8,"column":39},"end":{"line":24,"column":3}}},"3":{"name":"(anonymous_10)","decl":{"start":{"line":26,"column":18},"end":{"line":26,"column":null}},"loc":{"start":{"line":29,"column":39},"end":{"line":46,"column":4}}},"4":{"name":"(anonymous_11)","decl":{"start":{"line":29,"column":39},"end":{"line":29,"column":null}},"loc":{"start":{"line":29,"column":39},"end":{"line":46,"column":3}}},"5":{"name":"(anonymous_12)","decl":{"start":{"line":48,"column":18},"end":{"line":48,"column":25}},"loc":{"start":{"line":52,"column":30},"end":{"line":56,"column":4}}},"6":{"name":"(anonymous_13)","decl":{"start":{"line":52,"column":30},"end":{"line":52,"column":null}},"loc":{"start":{"line":52,"column":30},"end":{"line":56,"column":3}}},"7":{"name":"(anonymous_14)","decl":{"start":{"line":58,"column":19},"end":{"line":58,"column":26}},"loc":{"start":{"line":64,"column":35},"end":{"line":69,"column":4}}},"8":{"name":"(anonymous_15)","decl":{"start":{"line":64,"column":35},"end":{"line":64,"column":null}},"loc":{"start":{"line":64,"column":35},"end":{"line":69,"column":3}}},"9":{"name":"(anonymous_16)","decl":{"start":{"line":71,"column":18},"end":{"line":71,"column":25}},"loc":{"start":{"line":71,"column":67},"end":{"line":84,"column":4}}},"10":{"name":"(anonymous_17)","decl":{"start":{"line":71,"column":67},"end":{"line":71,"column":null}},"loc":{"start":{"line":71,"column":67},"end":{"line":84,"column":3}}}},"branchMap":{"0":{"loc":{"start":{"line":17,"column":6},"end":{"line":21,"column":7}},"type":"if","locations":[{"start":{"line":17,"column":6},"end":{"line":21,"column":7}}]},"1":{"loc":{"start":{"line":18,"column":8},"end":{"line":20,"column":9}},"type":"if","locations":[{"start":{"line":18,"column":8},"end":{"line":20,"column":9}}]},"2":{"loc":{"start":{"line":39,"column":6},"end":{"line":43,"column":7}},"type":"if","locations":[{"start":{"line":39,"column":6},"end":{"line":43,"column":7}}]},"3":{"loc":{"start":{"line":40,"column":8},"end":{"line":42,"column":9}},"type":"if","locations":[{"start":{"line":40,"column":8},"end":{"line":42,"column":9}}]},"4":{"loc":{"start":{"line":76,"column":6},"end":{"line":81,"column":7}},"type":"if","locations":[{"start":{"line":76,"column":6},"end":{"line":81,"column":7}}]},"5":{"loc":{"start":{"line":77,"column":8},"end":{"line":78,"column":58}},"type":"binary-expr","locations":[{"start":{"line":77,"column":8},"end":{"line":77,"column":61}},{"start":{"line":78,"column":9},"end":{"line":78,"column":31}},{"start":{"line":78,"column":35},"end":{"line":78,"column":57}}]}},"s":{"0":1,"1":1,"2":1,"3":1,"4":1,"5":1,"6":1,"7":1,"8":0,"9":0,"10":0,"11":0,"12":0,"13":1,"14":0,"15":0,"16":0,"17":0,"18":0,"19":0,"20":0,"21":0,"22":0,"23":0,"24":1,"25":0,"26":0,"27":1,"28":0,"29":0,"30":1,"31":0,"32":0,"33":0,"34":0,"35":0,"36":0,"37":0,"38":1},"f":{"0":1,"1":1,"2":1,"3":0,"4":0,"5":0,"6":0,"7":0,"8":0,"9":0,"10":0},"b":{"0":[0],"1":[0],"2":[0],"3":[0],"4":[0],"5":[0,0,0]}}
,"/home/glup/src/trebol-projects/PIT/services_back/src/infrastructure/repositories/service.repository.ts": {"path":"/home/glup/src/trebol-projects/PIT/services_back/src/infrastructure/repositories/service.repository.ts","statementMap":{"0":{"start":{"line":2,"column":0},"end":{"line":2,"column":47}},"1":{"start":{"line":3,"column":0},"end":{"line":3,"column":40}},"2":{"start":{"line":6,"column":9},"end":{"line":29,"column":4}},"3":{"start":{"line":6,"column":75},"end":{"line":29,"column":4}},"4":{"start":{"line":7,"column":59},"end":{"line":7,"column":66}},"5":{"start":{"line":9,"column":4},"end":{"line":28,"column":5}},"6":{"start":{"line":10,"column":30},"end":{"line":12,"column":8}},"7":{"start":{"line":13,"column":6},"end":{"line":15,"column":null}},"8":{"start":{"line":18,"column":6},"end":{"line":18,"column":47}},"9":{"start":{"line":19,"column":6},"end":{"line":26,"column":7}},"10":{"start":{"line":20,"column":8},"end":{"line":22,"column":9}},"11":{"start":{"line":21,"column":10},"end":{"line":21,"column":57}},"12":{"start":{"line":23,"column":8},"end":{"line":25,"column":9}},"13":{"start":{"line":24,"column":10},"end":{"line":24,"column":62}},"14":{"start":{"line":27,"column":6},"end":{"line":27,"column":18}},"15":{"start":{"line":31,"column":9},"end":{"line":40,"column":4}},"16":{"start":{"line":35,"column":27},"end":{"line":40,"column":4}},"17":{"start":{"line":36,"column":21},"end":{"line":38,"column":6}},"18":{"start":{"line":39,"column":4},"end":{"line":39,"column":20}},"19":{"start":{"line":42,"column":9},"end":{"line":53,"column":4}},"20":{"start":{"line":48,"column":32},"end":{"line":53,"column":4}},"21":{"start":{"line":49,"column":4},"end":{"line":52,"column":7}},"22":{"start":{"line":55,"column":9},"end":{"line":79,"column":4}},"23":{"start":{"line":58,"column":31},"end":{"line":79,"column":4}},"24":{"start":{"line":59,"column":59},"end":{"line":59,"column":66}},"25":{"start":{"line":60,"column":4},"end":{"line":78,"column":5}},"26":{"start":{"line":61,"column":29},"end":{"line":64,"column":8}},"27":{"start":{"line":66,"column":6},"end":{"line":66,"column":28}},"28":{"start":{"line":68,"column":6},"end":{"line":68,"column":47}},"29":{"start":{"line":69,"column":6},"end":{"line":76,"column":7}},"30":{"start":{"line":70,"column":8},"end":{"line":72,"column":9}},"31":{"start":{"line":71,"column":10},"end":{"line":71,"column":57}},"32":{"start":{"line":73,"column":8},"end":{"line":75,"column":9}},"33":{"start":{"line":74,"column":10},"end":{"line":74,"column":62}},"34":{"start":{"line":77,"column":6},"end":{"line":77,"column":18}},"35":{"start":{"line":81,"column":9},"end":{"line":98,"column":4}},"36":{"start":{"line":81,"column":64},"end":{"line":98,"column":4}},"37":{"start":{"line":82,"column":4},"end":{"line":97,"column":5}},"38":{"start":{"line":83,"column":29},"end":{"line":85,"column":8}},"39":{"start":{"line":87,"column":6},"end":{"line":87,"column":28}},"40":{"start":{"line":89,"column":6},"end":{"line":89,"column":47}},"41":{"start":{"line":90,"column":6},"end":{"line":95,"column":7}},"42":{"start":{"line":94,"column":8},"end":{"line":94,"column":46}},"43":{"start":{"line":96,"column":6},"end":{"line":96,"column":18}},"44":{"start":{"line":5,"column":0},"end":{"line":5,"column":13}}},"fnMap":{"0":{"name":"(anonymous_7)","decl":{"start":{"line":5,"column":0},"end":{"line":5,"column":13}},"loc":{"start":{"line":5,"column":0},"end":{"line":99,"column":1}}},"1":{"name":"(anonymous_8)","decl":{"start":{"line":6,"column":18},"end":{"line":6,"column":25}},"loc":{"start":{"line":6,"column":75},"end":{"line":29,"column":4}}},"2":{"name":"(anonymous_9)","decl":{"start":{"line":6,"column":75},"end":{"line":6,"column":null}},"loc":{"start":{"line":6,"column":75},"end":{"line":29,"column":3}}},"3":{"name":"(anonymous_10)","decl":{"start":{"line":31,"column":18},"end":{"line":31,"column":25}},"loc":{"start":{"line":35,"column":27},"end":{"line":40,"column":4}}},"4":{"name":"(anonymous_11)","decl":{"start":{"line":35,"column":27},"end":{"line":35,"column":null}},"loc":{"start":{"line":35,"column":27},"end":{"line":40,"column":3}}},"5":{"name":"(anonymous_12)","decl":{"start":{"line":42,"column":19},"end":{"line":42,"column":26}},"loc":{"start":{"line":48,"column":32},"end":{"line":53,"column":4}}},"6":{"name":"(anonymous_13)","decl":{"start":{"line":48,"column":32},"end":{"line":48,"column":null}},"loc":{"start":{"line":48,"column":32},"end":{"line":53,"column":3}}},"7":{"name":"(anonymous_14)","decl":{"start":{"line":55,"column":18},"end":{"line":55,"column":null}},"loc":{"start":{"line":58,"column":31},"end":{"line":79,"column":4}}},"8":{"name":"(anonymous_15)","decl":{"start":{"line":58,"column":31},"end":{"line":58,"column":null}},"loc":{"start":{"line":58,"column":31},"end":{"line":79,"column":3}}},"9":{"name":"(anonymous_16)","decl":{"start":{"line":81,"column":18},"end":{"line":81,"column":25}},"loc":{"start":{"line":81,"column":64},"end":{"line":98,"column":4}}},"10":{"name":"(anonymous_17)","decl":{"start":{"line":81,"column":64},"end":{"line":81,"column":null}},"loc":{"start":{"line":81,"column":64},"end":{"line":98,"column":3}}}},"branchMap":{"0":{"loc":{"start":{"line":19,"column":6},"end":{"line":26,"column":7}},"type":"if","locations":[{"start":{"line":19,"column":6},"end":{"line":26,"column":7}}]},"1":{"loc":{"start":{"line":20,"column":8},"end":{"line":22,"column":9}},"type":"if","locations":[{"start":{"line":20,"column":8},"end":{"line":22,"column":9}}]},"2":{"loc":{"start":{"line":23,"column":8},"end":{"line":25,"column":9}},"type":"if","locations":[{"start":{"line":23,"column":8},"end":{"line":25,"column":9}}]},"3":{"loc":{"start":{"line":69,"column":6},"end":{"line":76,"column":7}},"type":"if","locations":[{"start":{"line":69,"column":6},"end":{"line":76,"column":7}}]},"4":{"loc":{"start":{"line":70,"column":8},"end":{"line":72,"column":9}},"type":"if","locations":[{"start":{"line":70,"column":8},"end":{"line":72,"column":9}}]},"5":{"loc":{"start":{"line":73,"column":8},"end":{"line":75,"column":9}},"type":"if","locations":[{"start":{"line":73,"column":8},"end":{"line":75,"column":9}}]},"6":{"loc":{"start":{"line":90,"column":6},"end":{"line":95,"column":7}},"type":"if","locations":[{"start":{"line":90,"column":6},"end":{"line":95,"column":7}}]},"7":{"loc":{"start":{"line":91,"column":8},"end":{"line":92,"column":58}},"type":"binary-expr","locations":[{"start":{"line":91,"column":8},"end":{"line":91,"column":61}},{"start":{"line":92,"column":9},"end":{"line":92,"column":31}},{"start":{"line":92,"column":35},"end":{"line":92,"column":57}}]}},"s":{"0":1,"1":1,"2":0,"3":0,"4":0,"5":0,"6":0,"7":0,"8":0,"9":0,"10":0,"11":0,"12":0,"13":0,"14":0,"15":0,"16":0,"17":0,"18":0,"19":0,"20":0,"21":0,"22":0,"23":0,"24":0,"25":0,"26":0,"27":0,"28":0,"29":0,"30":0,"31":0,"32":0,"33":0,"34":0,"35":0,"36":0,"37":0,"38":0,"39":0,"40":0,"41":0,"42":0,"43":0,"44":1},"f":{"0":0,"1":0,"2":0,"3":0,"4":0,"5":0,"6":0,"7":0,"8":0,"9":0,"10":0},"b":{"0":[0],"1":[0],"2":[0],"3":[0],"4":[0],"5":[0],"6":[0],"7":[0,0,0]}}
}
